<?xml version="1.0" encoding="UTF-8"?>
<!-- Generated by org.testng.reporters.JUnitXMLReporter -->
<testsuite ignored="0" hostname="DESKTOP-EIN1GKN" failures="0" tests="4" name="Default test" time="5.748" errors="0" timestamp="2023-01-05T22:00:50 IST">
  <testcase classname="Reqres.Practise" name="createUser" time="4.316"/>
  <testcase classname="Reqres.Practise" name="deleteUser" time="0.49"/>
  <testcase classname="Reqres.Practise" name="getUsers" time="0.154"/>
  <testcase classname="Reqres.Practise" name="updateUser" time="0.706"/>
</testsuite> <!-- Default test -->
