<?xml version="1.0" encoding="UTF-8"?>
<testng-results ignored="0" total="4" passed="4" failed="0" skipped="0">
  <reporter-output>
  </reporter-output>
  <suite started-at="2023-01-05T22:00:44 IST" name="Default suite" finished-at="2023-01-05T22:00:50 IST" duration-ms="5748">
    <groups>
    </groups>
    <test started-at="2023-01-05T22:00:44 IST" name="Default test" finished-at="2023-01-05T22:00:50 IST" duration-ms="5748">
      <class name="Reqres.Practise">
        <test-method signature="createUser()[pri:0, instance:Reqres.Practise@7205765b]" started-at="2023-01-05T22:00:44 IST" name="createUser" finished-at="2023-01-05T22:00:49 IST" duration-ms="4316" status="PASS">
          <reporter-output>
          </reporter-output>
        </test-method> <!-- createUser -->
        <test-method signature="deleteUser()[pri:0, instance:Reqres.Practise@7205765b]" started-at="2023-01-05T22:00:49 IST" name="deleteUser" finished-at="2023-01-05T22:00:49 IST" duration-ms="490" status="PASS">
          <reporter-output>
          </reporter-output>
        </test-method> <!-- deleteUser -->
        <test-method signature="getUsers()[pri:0, instance:Reqres.Practise@7205765b]" started-at="2023-01-05T22:00:49 IST" name="getUsers" finished-at="2023-01-05T22:00:49 IST" duration-ms="154" status="PASS">
          <reporter-output>
          </reporter-output>
        </test-method> <!-- getUsers -->
        <test-method signature="updateUser()[pri:0, instance:Reqres.Practise@7205765b]" started-at="2023-01-05T22:00:49 IST" name="updateUser" finished-at="2023-01-05T22:00:50 IST" duration-ms="706" status="PASS">
          <reporter-output>
          </reporter-output>
        </test-method> <!-- updateUser -->
      </class> <!-- Reqres.Practise -->
    </test> <!-- Default test -->
  </suite> <!-- Default suite -->
</testng-results>
